<?xml version="1.0" encoding="UTF-8"?>
<!-- Generated by org.testng.reporters.JUnitReportReporter -->
<testsuite hostname="LUK-5CG90578G5" failures="0" tests="1" name="WebdriverTestOne.TestOne" time="2.515" errors="0" timestamp="2019-09-12T14:14:10 BST" skipped="0">
  <testcase classname="WebdriverTestOne.TestOne" name="testEasy" time="2.515"/>
</testsuite> <!-- WebdriverTestOne.TestOne -->
